This is pdfTeX, Version 3.14159265-2.6-1.40.18 (TeX Live 2017) (preloaded format=latex 2017.9.13)  24 DEC 2020 14:24
entering extended mode
 restricted \write18 enabled.
 file:line:error style messages enabled.
 %&-line parsing enabled.
**Tree.tex
(./Tree.tex
LaTeX2e <2017-04-15>
Babel <3.10> and hyphenation patterns for 84 language(s) loaded.
(/usr/local/texlive/2017/texmf-dist/tex/latex/standalone/standalone.cls
Document Class: standalone 2015/07/15 v1.2 Class to compile TeX sub-files stand
alone
(/usr/local/texlive/2017/texmf-dist/tex/generic/oberdiek/ifluatex.sty
Package: ifluatex 2016/05/16 v1.4 Provides the ifluatex switch (HO)
Package ifluatex Info: LuaTeX not detected.
)
(/usr/local/texlive/2017/texmf-dist/tex/generic/oberdiek/ifpdf.sty
Package: ifpdf 2017/03/15 v3.2 Provides the ifpdf switch
)
(/usr/local/texlive/2017/texmf-dist/tex/generic/ifxetex/ifxetex.sty
Package: ifxetex 2010/09/12 v0.6 Provides ifxetex conditional
)
(/usr/local/texlive/2017/texmf-dist/tex/latex/xkeyval/xkeyval.sty
Package: xkeyval 2014/12/03 v2.7a package option processing (HA)

(/usr/local/texlive/2017/texmf-dist/tex/generic/xkeyval/xkeyval.tex
(/usr/local/texlive/2017/texmf-dist/tex/generic/xkeyval/xkvutils.tex
\XKV@toks=\toks14
\XKV@tempa@toks=\toks15

(/usr/local/texlive/2017/texmf-dist/tex/generic/xkeyval/keyval.tex))
\XKV@depth=\count79
File: xkeyval.tex 2014/12/03 v2.7a key=value parser (HA)
))
\sa@internal=\count80
\c@sapage=\count81

(/usr/local/texlive/2017/texmf-dist/tex/latex/standalone/standalone.cfg
File: standalone.cfg 2015/07/15 v1.2 Default configuration file for 'standalone
' class
)
(/usr/local/texlive/2017/texmf-dist/tex/latex/base/article.cls
Document Class: article 2014/09/29 v1.4h Standard LaTeX document class
(/usr/local/texlive/2017/texmf-dist/tex/latex/base/size10.clo
File: size10.clo 2014/09/29 v1.4h Standard LaTeX file (size option)
)
\c@part=\count82
\c@section=\count83
\c@subsection=\count84
\c@subsubsection=\count85
\c@paragraph=\count86
\c@subparagraph=\count87
\c@figure=\count88
\c@table=\count89
\abovecaptionskip=\skip41
\belowcaptionskip=\skip42
\bibindent=\dimen102
)
(/usr/local/texlive/2017/texmf-dist/tex/latex/varwidth/varwidth.sty
Package: varwidth 2009/03/30 ver 0.92;  Variable-width minipages
\@vwid@box=\box26
\sift@deathcycles=\count90
\@vwid@loff=\dimen103
\@vwid@roff=\dimen104
)
\sa@box=\box27
\sa@yoffset=\skip43
)
(/usr/local/texlive/2017/texmf-dist/tex/latex/pstricks/pstricks.sty
Package: pstricks 2017/03/17 v0.63 LaTeX wrapper for `PSTricks' (RN,HV)

(/usr/local/texlive/2017/texmf-dist/tex/latex/xcolor/xcolor.sty
Package: xcolor 2016/05/11 v2.12 LaTeX color extensions (UK)

(/usr/local/texlive/2017/texmf-dist/tex/latex/graphics-cfg/color.cfg
File: color.cfg 2016/01/02 v1.6 sample color configuration
)
Package xcolor Info: Driver file: dvips.def on input line 225.

(/usr/local/texlive/2017/texmf-dist/tex/latex/graphics-def/dvips.def
File: dvips.def 2016/07/10 v3.1a Driver-dependent file (DPC,SPQR)
)
Package xcolor Info: Model `cmy' substituted by `cmy0' on input line 1348.
Package xcolor Info: Model `RGB' extended on input line 1364.
Package xcolor Info: Model `HTML' substituted by `rgb' on input line 1366.
Package xcolor Info: Model `Hsb' substituted by `hsb' on input line 1367.
Package xcolor Info: Model `tHsb' substituted by `hsb' on input line 1368.
Package xcolor Info: Model `HSB' substituted by `hsb' on input line 1369.
Package xcolor Info: Model `Gray' substituted by `gray' on input line 1370.
Package xcolor Info: Model `wave' substituted by `hsb' on input line 1371.
)
(/usr/local/texlive/2017/texmf-dist/tex/generic/pstricks/pstricks.tex
(/usr/local/texlive/2017/texmf-dist/tex/generic/xkeyval/pst-xkey.tex
File: pst-xkey.tex 2005/11/25 v1.6 PSTricks specialization of xkeyval (HA)
)
(/usr/local/texlive/2017/texmf-dist/tex/generic/pstricks/pst-fp.tex
`pst-fp' v0.05, 2010/01/17 (hv)
\pstFP@xs=\count91
\pstFP@xia=\count92
\pstFP@xib=\count93
\pstFP@xfa=\count94
\pstFP@xfb=\count95
\pstFP@rega=\count96
\pstFP@regb=\count97
\pstFP@regs=\count98
\pstFP@times=\count99
)
(/usr/local/texlive/2017/texmf-dist/tex/generic/pgf/utilities/pgfutil-common.te
x
\pgfutil@everybye=\toks16
\pgfutil@tempdima=\dimen105
\pgfutil@tempdimb=\dimen106

(/usr/local/texlive/2017/texmf-dist/tex/generic/pgf/utilities/pgfutil-common-li
sts.tex))
(/usr/local/texlive/2017/texmf-dist/tex/generic/pgf/utilities/pgfkeys.code.tex
\pgfkeys@pathtoks=\toks17
\pgfkeys@temptoks=\toks18

(/usr/local/texlive/2017/texmf-dist/tex/generic/pgf/utilities/pgfkeysfiltered.c
ode.tex
\pgfkeys@tmptoks=\toks19
))
(/usr/local/texlive/2017/texmf-dist/tex/generic/pgf/utilities/pgffor.code.tex
(/usr/local/texlive/2017/texmf-dist/tex/generic/pgf/math/pgfmath.code.tex
(/usr/local/texlive/2017/texmf-dist/tex/generic/pgf/math/pgfmathcalc.code.tex
(/usr/local/texlive/2017/texmf-dist/tex/generic/pgf/math/pgfmathutil.code.tex
\pgf@x=\dimen107
\pgf@xa=\dimen108
\pgf@xb=\dimen109
\pgf@xc=\dimen110
\pgf@y=\dimen111
\pgf@ya=\dimen112
\pgf@yb=\dimen113
\pgf@yc=\dimen114
\c@pgf@counta=\count100
\c@pgf@countb=\count101
\c@pgf@countc=\count102
\c@pgf@countd=\count103
\pgfutil@tempcnta=\count104
\pgfutil@tempcntb=\count105
)
(/usr/local/texlive/2017/texmf-dist/tex/generic/pgf/math/pgfmathparser.code.tex
\pgfmath@dimen=\dimen115
\pgfmath@count=\count106
\pgfmath@box=\box28
\pgfmath@toks=\toks20
\pgfmath@stack@operand=\toks21
\pgfmath@stack@operation=\toks22
)
(/usr/local/texlive/2017/texmf-dist/tex/generic/pgf/math/pgfmathfunctions.code.
tex
(/usr/local/texlive/2017/texmf-dist/tex/generic/pgf/math/pgfmathfunctions.basic
.code.tex)
(/usr/local/texlive/2017/texmf-dist/tex/generic/pgf/math/pgfmathfunctions.trigo
nometric.code.tex)
(/usr/local/texlive/2017/texmf-dist/tex/generic/pgf/math/pgfmathfunctions.rando
m.code.tex)
(/usr/local/texlive/2017/texmf-dist/tex/generic/pgf/math/pgfmathfunctions.compa
rison.code.tex)
(/usr/local/texlive/2017/texmf-dist/tex/generic/pgf/math/pgfmathfunctions.base.
code.tex)
(/usr/local/texlive/2017/texmf-dist/tex/generic/pgf/math/pgfmathfunctions.round
.code.tex)
(/usr/local/texlive/2017/texmf-dist/tex/generic/pgf/math/pgfmathfunctions.misc.
code.tex)
(/usr/local/texlive/2017/texmf-dist/tex/generic/pgf/math/pgfmathfunctions.integ
erarithmetics.code.tex)))
(/usr/local/texlive/2017/texmf-dist/tex/generic/pgf/math/pgfmathfloat.code.tex
\c@pgfmathroundto@lastzeros=\count107
))
\pgffor@iter=\dimen116
\pgffor@skip=\dimen117
\pgffor@stack=\toks23
\pgffor@toks=\toks24
)
\psLoopIndex=\count108

`PSTricks' v2.73  <2017/05/18> (tvz)
\pst@dima=\dimen118
\pst@dimb=\dimen119
\pst@dimc=\dimen120
\pst@dimd=\dimen121
\pst@dimg=\dimen122
\pst@dimh=\dimen123
\pst@dimm=\dimen124
\pst@dimn=\dimen125
\pst@dimo=\dimen126
\pst@dimp=\dimen127
\pst@hbox=\box29
\pst@ibox=\box30
\pst@boxg=\box31
\pst@cnta=\count109
\pst@cntb=\count110
\pst@cntc=\count111
\pst@cntd=\count112
\pst@cntg=\count113
\pst@cnth=\count114
\pst@cntm=\count115
\pst@cntn=\count116
\pst@cnto=\count117
\pst@cntp=\count118
\@zero=\count119
\pst@toks=\toks25
(/usr/local/texlive/2017/texmf-dist/tex/generic/pstricks/pstricks.con)
\psunit=\dimen128
\psxunit=\dimen129
\psyunit=\dimen130
\pst@C@@rType=\count120
\pslinewidth=\dimen131
\psk@startLW=\dimen132
\psk@endLW=\dimen133
\pst@customdefs=\toks26
\pslinearc=\dimen134
\pst@symbolStep=\dimen135
\pst@symbolWidth=\dimen136
\pst@symbolLinewidth=\dimen137
\everypsbox=\toks27
\psframesep=\dimen138
\pslabelsep=\dimen139
\sh@wgridXunit=\dimen140
\sh@wgridYunit=\dimen141
\pst@shift=\dimen142
)
File: pstricks.tex 2017/05/18 v2.73 `PSTricks' (tvz,hv)

(/usr/local/texlive/2017/texmf-dist/tex/generic/pstricks/pst-fp.tex)
File: pst-fp.tex 2017/05/18 v2.73 `PST-fp' (hv)
)
(/usr/local/texlive/2017/texmf-dist/tex/latex/pst-node/pst-node.sty
Package: pst-node 2012/09/18 v1.01 LaTeX wrapper for `pst-node' (HV)
Package: pst-node 2010/04/22 package wrapper for pst-node.tex

(/usr/local/texlive/2017/texmf-dist/tex/generic/pst-node/pst-node.tex
 v1.39, 2017/01/20
\psrow=\count121
\pscol=\count122
\psmatrixcnt=\count123
\psrowsep=\skip44
\pscolsep=\skip45
\pst@args=\count124
\num@pts=\count125
\pst@argcnt=\count126
)
File: pst-node.tex 2017/01/20 1.39 `pst-node' (tvz,hv)
)
(/usr/local/texlive/2017/texmf-dist/tex/latex/pst-tree/pst-tree.sty
Package: pst-tree 2009/01/25 package wrapper for pst-tree.tex

(/usr/local/texlive/2017/texmf-dist/tex/generic/pst-tree/pst-tree.tex
 v1.13, 2017/02/18(tvz,dg,hv)
\pstree@rootbox=\box32
\pstree@box=\box33
\psnodecnt=\count127
\pstreelevel=\count128
\pstreecnt=\count129
\pstree@cnt=\count130
\pstree@stop=\count131
)
File: pst-tree.tex 2017/02/18 1.13 `pst-tree' (tvz,hv)
)
(/usr/local/texlive/2017/texmf-dist/tex/latex/pst-plot/pst-plot.sty
Package: pst-plot 2011/06/05 v1.00 LaTeX wrapper for `pst-plot' (HV)

(/usr/local/texlive/2017/texmf-dist/tex/latex/xkeyval/pst-xkey.sty
Package: pst-xkey 2005/11/25 v1.6 package wrapper for pst-xkey.tex (HA)
)
(/usr/local/texlive/2017/texmf-dist/tex/latex/multido/multido.sty
Package: multido 2004/05/17 package wrapper for PSTricks `multido.tex', (HV/RN)


(/usr/local/texlive/2017/texmf-dist/tex/generic/multido/multido.tex
 v1.42, 2010/05/14 <tvz>
\multido@count=\count132
\multidocount=\count133
\multido@stuff=\toks28
)
File: multido.tex 2010/05/14 v1.42 `multido' (tvz,hv)
)
Package: pst-plot 2011/04/13 package wrapper for pst-plot.tex (hv)

(/usr/local/texlive/2017/texmf-dist/tex/generic/pst-plot/pst-plot.tex
(/usr/local/texlive/2017/texmf-dist/tex/generic/pst-tools/pst-tools.tex
`PST-tools' v0.06, 2017/05/12 (hv))
(/usr/local/texlive/2017/texmf-dist/tex/generic/pstricks-add/pstricks-add.tex
(/usr/local/texlive/2017/texmf-dist/tex/generic/pst-arrow/pst-arrow.tex
`pst-arrow' v0.01, 2016/09/01 (dr,hv)
\pshooklength=\dimen143
\pshookwidth=\dimen144
)
(/usr/local/texlive/2017/texmf-dist/tex/generic/pst-3d/pst-3d.tex
`PST-3d' v1.11, 2010/02/14 (tvz))
(/usr/local/texlive/2017/texmf-dist/tex/generic/pst-math/pst-math.tex
`pst-math' v0.63 , (CJ,hv)) `pstricks-add' v3.83, 2017/05/10 (dr,hv)
\psparallelogramsep=\dimen145
\pst@cntC=\count134
\chart@ColorIndex=\dimen146
\chart@ColorStep=\dimen147
\pst@chartHeight=\dimen148
\pst@chartStackDepth=\dimen149
\pst@chartStackWidth=\dimen150
\chart@Toggle=\count135
\psVectorCtr=\count136
)
 v1.78, 2017/04/16 (tvz,hv)
\pstRadUnit=\dimen151
\pstRadUnitInv=\dimen152
\pst@linecnt=\count137
\RCD@file=\read1
\psxlabelsep=\dimen153
\psylabelsep=\dimen154
\psk@subticksize=\dimen155
\pst@xticksizeA=\dimen156
\pst@xticksizeB=\dimen157
\pst@xticksizeC=\dimen158
\pst@yticksizeA=\dimen159
\pst@yticksizeB=\dimen160
\pst@yticksizeC=\dimen161
\@digitcounter=\count138
\psk@llx=\dimen162
\psk@lly=\dimen163
\psk@urx=\dimen164
\psk@ury=\dimen165
\pst@xunit=\dimen166
\pst@yunit=\dimen167
)
File: pst-plot.tex 2017/04/16 1.78 `pst-plot' (tvz,hv)
)
(/usr/local/texlive/2017/texmf-dist/tex/latex/graphics/graphicx.sty
Package: graphicx 2014/10/28 v1.0g Enhanced LaTeX Graphics (DPC,SPQR)

(/usr/local/texlive/2017/texmf-dist/tex/latex/graphics/graphics.sty
Package: graphics 2017/04/14 v1.1b Standard LaTeX Graphics (DPC,SPQR)

(/usr/local/texlive/2017/texmf-dist/tex/latex/graphics/trig.sty
Package: trig 2016/01/03 v1.10 sin cos tan (DPC)
)
(/usr/local/texlive/2017/texmf-dist/tex/latex/graphics-cfg/graphics.cfg
File: graphics.cfg 2016/06/04 v1.11 sample graphics configuration
)
Package graphics Info: Driver file: dvips.def on input line 99.
)
\Gin@req@height=\dimen168
\Gin@req@width=\dimen169
)
(/usr/local/texlive/2017/texmf-dist/tex/latex/pstricks-add/pstricks-add.sty
(/usr/local/texlive/2017/texmf-dist/tex/latex/pst-3d/pst-3d.sty
Package: pst-3d 2009/07/28 package wrapper for pst-3d.tex (hv)

(/usr/local/texlive/2017/texmf-dist/tex/generic/pst-3d/pst-3d.tex)
File: pst-3d.tex 2017/04/16 v1.78 `PST-3d' (hv)
)
(/usr/local/texlive/2017/texmf-dist/tex/latex/pst-math/pst-math.sty
Package: pst-math 2014/07/30 package wrapper for PSTricks pst-math.tex

(/usr/local/texlive/2017/texmf-dist/tex/generic/pst-math/pst-math.tex)
File: pst-math.tex 2017/04/16 v1.78 `PST-math' (hv)
)
Package: pstricks-add 2010/02/11 v. 0.14 package wrapper for pstricks-add.tex (
hv)

(/usr/local/texlive/2017/texmf-dist/tex/generic/pstricks-add/pstricks-add.tex)
File: pstricks-add.tex 2017/04/16 v1.78 `PSTricks-add' (hv)
Package pstricks-add Info: Local config file pstricks-add.cfg used on input lin
e 20.

(/usr/local/texlive/2017/texmf-dist/tex/latex/pstricks-add/pstricks-add.cfg
File: pstricks-add.cfg 2005/01/10 v0.1 addtional user stuff (hv)
))
No file Tree.aux.
\openout1 = `Tree.aux'.

LaTeX Font Info:    Checking defaults for OML/cmm/m/it on input line 8.
LaTeX Font Info:    ... okay on input line 8.
LaTeX Font Info:    Checking defaults for T1/cmr/m/n on input line 8.
LaTeX Font Info:    ... okay on input line 8.
LaTeX Font Info:    Checking defaults for OT1/cmr/m/n on input line 8.
LaTeX Font Info:    ... okay on input line 8.
LaTeX Font Info:    Checking defaults for OMS/cmsy/m/n on input line 8.
LaTeX Font Info:    ... okay on input line 8.
LaTeX Font Info:    Checking defaults for OMX/cmex/m/n on input line 8.
LaTeX Font Info:    ... okay on input line 8.
LaTeX Font Info:    Checking defaults for U/cmr/m/n on input line 8.
LaTeX Font Info:    ... okay on input line 8.
LaTeX Font Info:    External font `cmex10' loaded for size
(Font)              <7> on input line 30.
LaTeX Font Info:    External font `cmex10' loaded for size
(Font)              <5> on input line 30.
[1

] (./Tree.aux) ) 
Here is how much of TeX's memory you used:
 10014 strings out of 492996
 181468 string characters out of 6132730
 292721 words of memory out of 5000000
 13453 multiletter control sequences out of 15000+600000
 3948 words of font info for 15 fonts, out of 8000000 for 9000
 1141 hyphenation exceptions out of 8191
 37i,8n,56p,560b,759s stack positions out of 5000i,500n,10000p,200000b,80000s

Output written on Tree.dvi (1 page, 14280 bytes).
